#
# There is insufficient memory for the Java Runtime Environment to continue.
# Native memory allocation (malloc) failed to allocate 1048576 bytes for AllocateHeap
# Possible reasons:
#   The system is out of physical RAM or swap space
#   The process is running with CompressedOops enabled, and the Java Heap may be blocking the growth of the native heap
# Possible solutions:
#   Reduce memory load on the system
#   Increase physical memory or swap space
#   Check if swap backing store is full
#   Decrease Java heap size (-Xmx/-Xms)
#   Decrease number of Java threads
#   Decrease Java thread stack sizes (-Xss)
#   Set larger code cache with -XX:ReservedCodeCacheSize=
#   JVM is running with Unscaled Compressed Oops mode in which the Java heap is
#     placed in the first 4GB address space. The Java Heap base address is the
#     maximum limit for the native heap growth. Please use -XX:HeapBaseMinAddress
#     to set the Java Heap base and to place the Java Heap above 4GB virtual address.
# This output file may be truncated or incomplete.
#
#  Out of Memory Error (memory/allocation.inline.hpp:61), pid=15136, tid=0x0000000000004da4
#
# JRE version:  (8.0_202-b08) (build )
# Java VM: Java HotSpot(TM) 64-Bit Server VM (25.202-b08 mixed mode windows-amd64 compressed oops)
# Failed to write core dump. Minidumps are not enabled by default on client versions of Windows
#

---------------  T H R E A D  ---------------

Current thread (0x000000000298e800):  JavaThread "Unknown thread" [_thread_in_vm, id=19876, stack(0x0000000002990000,0x0000000002a90000)]

Stack: [0x0000000002990000,0x0000000002a90000]
[error occurred during error reporting (printing stack bounds), id 0xc0000005]

Native frames: (J=compiled Java code, j=interpreted, Vv=VM code, C=native code)


---------------  P R O C E S S  ---------------

Java Threads: ( => current thread )

Other Threads:

=>0x000000000298e800 (exited) JavaThread "Unknown thread" [_thread_in_vm, id=19876, stack(0x0000000002990000,0x0000000002a90000)]

VM state:not at safepoint (normal execution)

VM Mutex/Monitor currently owned by a thread: None

heap address: 0x0000000083a00000, size: 1990 MB, Compressed Oops mode: 32-bit
Narrow klass base: 0x0000000000000000, Narrow klass shift: 3
Compressed class space size: 1073741824 Address: 0x0000000100000000

Heap:
 PSYoungGen      total 37888K, used 655K [0x00000000d6900000, 0x00000000d9300000, 0x0000000100000000)
  eden space 32768K, 2% used [0x00000000d6900000,0x00000000d69a3d80,0x00000000d8900000)
  from space 5120K, 0% used [0x00000000d8e00000,0x00000000d8e00000,0x00000000d9300000)
  to   space 5120K, 0% used [0x00000000d8900000,0x00000000d8900000,0x00000000d8e00000)
 ParOldGen       total 86016K, used 0K [0x0000000083a00000, 0x0000000088e00000, 0x00000000d6900000)
  object space 86016K, 0% used [0x0000000083a00000,0x0000000083a00000,0x0000000088e00000)
 Metaspace       used 751K, capacity 4480K, committed 4480K, reserved 1056768K
  class space    used 76K, capacity 384K, committed 384K, reserved 1048576K

Card table byte_map: [0x0000000011f50000,0x0000000012340000] byte_map_base: 0x0000000011b33000

Marking Bits: (ParMarkBitMap*) 0x00000000510a5ce0
 Begin Bits: [0x0000000012de0000, 0x0000000014cf8000)
 End Bits:   [0x0000000014cf8000, 0x0000000016c10000)

Polling page: 0x0000000002840000

CodeCache: size=245760Kb used=328Kb max_used=328Kb free=245431Kb
 bounds [0x0000000002b90000, 0x0000000002e00000, 0x0000000011b90000]
 total_blobs=58 nmethods=0 adapters=38
 compilation: enabled

Compilation events (0 events):
No events

GC Heap History (0 events):
No events

Deoptimization events (0 events):
No events

Classes redefined (0 events):
No events

Internal exceptions (0 events):
No events

Events (10 events):
Event: 0.030 loading class java/lang/Short
Event: 0.030 loading class java/lang/Short done
Event: 0.030 loading class java/lang/Integer
Event: 0.030 loading class java/lang/Integer done
Event: 0.030 loading class java/lang/Long
Event: 0.030 loading class java/lang/Long done
Event: 0.031 loading class java/lang/NullPointerException
Event: 0.031 loading class java/lang/NullPointerException done
Event: 0.031 loading class java/lang/ArithmeticException
Event: 0.031 loading class java/lang/ArithmeticException done


Dynamic libraries:
0x00007ff79eb20000 - 0x00007ff79eb57000 	C:\Program Files\Java\jre1.8.0_202\bin\javaw.exe
0x00007ffb6d2e0000 - 0x00007ffb6d4e9000 	C:\WINDOWS\SYSTEM32\ntdll.dll
0x00007ffb6b1e0000 - 0x00007ffb6b29d000 	C:\WINDOWS\System32\KERNEL32.DLL
0x00007ffb6a7c0000 - 0x00007ffb6ab3d000 	C:\WINDOWS\System32\KERNELBASE.dll
0x00007ffb6b3c0000 - 0x00007ffb6b46e000 	C:\WINDOWS\System32\ADVAPI32.dll
0x00007ffb6cd10000 - 0x00007ffb6cdb3000 	C:\WINDOWS\System32\msvcrt.dll
0x00007ffb6c3e0000 - 0x00007ffb6c47e000 	C:\WINDOWS\System32\sechost.dll
0x00007ffb6be80000 - 0x00007ffb6bfa0000 	C:\WINDOWS\System32\RPCRT4.dll
0x00007ffb6c930000 - 0x00007ffb6cadd000 	C:\WINDOWS\System32\USER32.dll
0x00007ffb6ab40000 - 0x00007ffb6ab66000 	C:\WINDOWS\System32\win32u.dll
0x00007ffb6c3b0000 - 0x00007ffb6c3d9000 	C:\WINDOWS\System32\GDI32.dll
0x00007ffb6aee0000 - 0x00007ffb6aff8000 	C:\WINDOWS\System32\gdi32full.dll
0x00007ffb6ac90000 - 0x00007ffb6ad2d000 	C:\WINDOWS\System32\msvcp_win.dll
0x00007ffb6ab70000 - 0x00007ffb6ac81000 	C:\WINDOWS\System32\ucrtbase.dll
0x00007ffb400e0000 - 0x00007ffb40385000 	C:\WINDOWS\WinSxS\amd64_microsoft.windows.common-controls_6595b64144ccf1df_6.0.22000.120_none_9d947278b86cc467\COMCTL32.dll
0x00007ffb6c480000 - 0x00007ffb6c4b1000 	C:\WINDOWS\System32\IMM32.DLL
0x00000000507a0000 - 0x0000000050872000 	C:\Program Files\Java\jre1.8.0_202\bin\msvcr100.dll
0x0000000050880000 - 0x0000000051125000 	C:\Program Files\Java\jre1.8.0_202\bin\server\jvm.dll
0x00007ffb6c390000 - 0x00007ffb6c398000 	C:\WINDOWS\System32\PSAPI.DLL
0x00007ffb58ad0000 - 0x00007ffb58ad9000 	C:\WINDOWS\SYSTEM32\WSOCK32.dll
0x00007ffb68560000 - 0x00007ffb68593000 	C:\WINDOWS\SYSTEM32\WINMM.dll
0x00007ffb62af0000 - 0x00007ffb62afa000 	C:\WINDOWS\SYSTEM32\VERSION.dll
0x00007ffb6bfa0000 - 0x00007ffb6c00f000 	C:\WINDOWS\System32\WS2_32.dll
0x00007ffb56e50000 - 0x00007ffb56e5f000 	C:\Program Files\Java\jre1.8.0_202\bin\verify.dll
0x00007ffb56e20000 - 0x00007ffb56e49000 	C:\Program Files\Java\jre1.8.0_202\bin\java.dll
0x00007ffb56e00000 - 0x00007ffb56e16000 	C:\Program Files\Java\jre1.8.0_202\bin\zip.dll

VM Arguments:
jvm_args: -Dfile.encoding=Cp1252 
java_command: com.cms.client.CustomerClient
java_class_path (initial): C:\Users\samit\JDB3\RegisterAndLogin\bin
Launcher Type: SUN_STANDARD

Environment Variables:
JAVA_HOME=C:\Users\samit\Downloads\jdk-15_windows-x64_bin\jdk-15
PATH=C:/Program Files/Java/jre1.8.0_202/bin/server;C:/Program Files/Java/jre1.8.0_202/bin;C:/Program Files/Java/jre1.8.0_202/lib/amd64;C:\Program Files (x86)\Common Files\Oracle\Java\javapath;C:\Program Files\Common Files\Oracle\Java\javapath;C:\WINDOWS\system32;C:\WINDOWS;C:\WINDOWS\System32\Wbem;C:\WINDOWS\System32\WindowsPowerShell\v1.0\;C:\WINDOWS\System32\OpenSSH\;C:\Users\samit\Downloads\jdk-15_windows-x64_bin\jdk-15\bin;C:\Program Files\Microsoft SQL Server\130\Tools\Binn\;C:\Program Files\Microsoft SQL Server\Client SDK\ODBC\170\Tools\Binn\;C:\Program Files\Microsoft SQL Server\Client SDK\ODBC\130\Tools\Binn\;C:\Program Files (x86)\Microsoft SQL Server\140\Tools\Binn\;C:\Program Files\Microsoft SQL Server\140\Tools\Binn\;C:\Program Files\Microsoft SQL Server\140\DTS\Binn\;C:\Program Files\Azure Data Studio\bin;C:\Program Files (x86)\Microsoft SQL Server\150\Tools\Binn\;C:\Program Files\Microsoft SQL Server\150\Tools\Binn\;C:\Program Files\Microsoft SQL Server\150\DTS\Binn\;C:\Program Files\Java\jdk-17.0.1\bin;C:\Program Files\dotnet\;C:\Program Files\nodejs\;C:\ProgramData\chocolatey\bin;C:\Program Files\Git\cmd;C:\Program Files (x86)\Microsoft SQL Server\150\DTS\Binn\;C:\Program Files\MySQL\MySQL Server 8.0\bin;C:\Program Files\MySQL\MySQL Shell 8.0\bin\;C:\Users\samit\AppData\Local\Programs\Python\Python310\Scripts\;C:\Users\samit\AppData\Local\Programs\Python\Python310\;C:\Users\samit\AppData\Local\Microsoft\WindowsApps;C:\Program Files\Azure Data Studio\bin;C:\Users\samit\.dotnet\tools;C:\Users\samit\AppData\Local\Microsoft\WindowsApps;C:\Users\samit\AppData\Local\Programs\Microsoft VS Code\bin;C:\Users\samit\AppData\Roaming\npm;C:\Users\samit\.dotnet\tools;C:\Users\samit\Downloads\eclipse-jee-neon-3-win32-x86_64\eclipse;
USERNAME=SantoshShrestha
OS=Windows_NT
PROCESSOR_IDENTIFIER=Intel64 Family 6 Model 126 Stepping 5, GenuineIntel



---------------  S Y S T E M  ---------------

OS: Windows 10.0 , 64 bit Build 22000 (10.0.22000.708)

CPU:total 8 (initial active 8) (4 cores per cpu, 2 threads per core) family 6 model 126 stepping 5, cmov, cx8, fxsr, mmx, sse, sse2, sse3, ssse3, sse4.1, sse4.2, popcnt, avx, avx2, aes, clmul, erms, 3dnowpref, lzcnt, ht, tsc, tscinvbit, bmi1, bmi2, adx

Memory: 4k page, physical 8150356k(813348k free), swap 33316180k(5216k free)

vm_info: Java HotSpot(TM) 64-Bit Server VM (25.202-b08) for windows-amd64 JRE (1.8.0_202-b08), built on Dec 15 2018 19:54:30 by "java_re" with MS VC++ 10.0 (VS2010)

time: Wed Aug 10 21:29:20 2022
timezone: Central Daylight Time
elapsed time: 0 seconds (0d 0h 0m 0s)

